03:40:03.734 ARDOPC Version 2.0.3.32-BPQ-OFDM
03:40:03.742 ARDOPC listening on port 8515
03:40:03.742 getReadDevices
03:40:04.401 Card 0, ID `PCH', name `HDA Intel PCH'
03:40:04.401   Device 0, ID `ALC3202 Analog', name `ALC3202 Analog', 1 subdevices (1 available)
03:40:04.401     2 channels, 
03:40:04.401 sampling rate 44100..192000 Hz
03:40:04.401 hw:0,0 ALC3202 Analog(HDA Intel PCH)
03:40:04.401 getWriteDevices
03:40:04.401 Card 0, ID `PCH', name `HDA Intel PCH'
03:40:04.401   Device 0, ID `ALC3202 Analog', name `ALC3202 Analog', 1 subdevices (1 available)
03:40:04.402     2..4 channels, 
03:40:04.402 sampling rate 44100..192000 Hz
03:40:04.402 hw:0,0 ALC3202 Analog(HDA Intel PCH)
03:40:04.402   Device 3, ID `HDMI 0', name `HDMI 0', 1 subdevices (1 available)
03:40:04.402     2..8 channels, 
03:40:04.402 sampling rate 32000..192000 Hz
03:40:04.402 hw:0,3 HDMI 0(HDA Intel PCH)
03:40:04.402   Device 7, ID `HDMI 1', name `HDMI 1', 1 subdevices (1 available)
03:40:04.402     2..8 channels, 
03:40:04.402 sampling rate 32000..192000 Hz
03:40:04.402 hw:0,7 HDMI 1(HDA Intel PCH)
03:40:04.402   Device 8, ID `HDMI 2', name `HDMI 2', 1 subdevices (1 available)
03:40:04.403     2..8 channels, 
03:40:04.403 sampling rate 32000..192000 Hz
03:40:04.403 hw:0,8 HDMI 2(HDA Intel PCH)
03:40:04.403 Opening Playback Device ARDOP Rate 12000
03:40:04.403 ARDOPC listening on port 8515
03:42:45.462 ARDOPC Version 2.0.3.31-BPQ-OFDM
03:42:45.462 ARDOPC listening on port 8515
03:42:45.463 getReadDevices
03:42:45.661 Card 0, ID `PCH', name `HDA Intel PCH'
03:42:45.661   Device 0, ID `ALC3202 Analog', name `ALC3202 Analog', 1 subdevices (1 available)
03:42:45.662     2 channels, 
03:42:45.662 sampling rate 44100..192000 Hz
03:42:45.662 hw:0,0 ALC3202 Analog(HDA Intel PCH)
03:42:45.662 getWriteDevices
03:42:45.662 Card 0, ID `PCH', name `HDA Intel PCH'
03:42:45.662   Device 0, ID `ALC3202 Analog', name `ALC3202 Analog', 1 subdevices (1 available)
03:42:45.663     2..4 channels, 
03:42:45.663 sampling rate 44100..192000 Hz
03:42:45.663 hw:0,0 ALC3202 Analog(HDA Intel PCH)
03:42:45.663   Device 3, ID `HDMI 0', name `HDMI 0', 1 subdevices (1 available)
03:42:45.664     2..8 channels, 
03:42:45.664 sampling rate 32000..192000 Hz
03:42:45.664 hw:0,3 HDMI 0(HDA Intel PCH)
03:42:45.664   Device 7, ID `HDMI 1', name `HDMI 1', 1 subdevices (1 available)
03:42:45.664     2..8 channels, 
03:42:45.664 sampling rate 32000..192000 Hz
03:42:45.664 hw:0,7 HDMI 1(HDA Intel PCH)
03:42:45.664   Device 8, ID `HDMI 2', name `HDMI 2', 1 subdevices (1 available)
03:42:45.664     2..8 channels, 
03:42:45.664 sampling rate 32000..192000 Hz
03:42:45.664 hw:0,8 HDMI 2(HDA Intel PCH)
03:42:45.665 Opening Playback Device ARDOP Rate 12000
03:42:45.665 ARDOPC listening on port 8515
